<?xml version="1.0" encoding="UTF-8" ?>
<testsuite tests="0" failures="0" errors="0" skipped="0" time="0.109" name="file &quot;match.app&quot;">
</testsuite>
