<?xml version="1.0" encoding="UTF-8" ?>
<testsuite tests="0" failures="0" errors="0" skipped="0" time="0.312" name="file &quot;seresye.app&quot;">
</testsuite>
